<?xml version="1.0" encoding="UTF-8"?>
<testng-results ignored="0" total="1" passed="1" failed="0" skipped="0">
  <reporter-output>
  </reporter-output>
  <suite started-at="2021-10-11T11:23:51 IST" name="Default suite" finished-at="2021-10-11T11:24:14 IST" duration-ms="23237">
    <groups>
    </groups>
    <test started-at="2021-10-11T11:23:51 IST" name="Default test" finished-at="2021-10-11T11:24:14 IST" duration-ms="23237">
      <class name="Google.GoogleTC">
        <test-method signature="TC001()[pri:0, instance:Google.GoogleTC@355ce81c]" started-at="2021-10-11T11:23:51 IST" name="TC001" finished-at="2021-10-11T11:24:14 IST" duration-ms="23082" status="PASS">
          <reporter-output>
          </reporter-output>
        </test-method> <!-- TC001 -->
      </class> <!-- Google.GoogleTC -->
    </test> <!-- Default test -->
  </suite> <!-- Default suite -->
</testng-results>
