<?xml version="1.0" encoding="UTF-8"?>
<testng-results ignored="0" total="1" passed="1" failed="0" skipped="0">
  <reporter-output>
  </reporter-output>
  <suite started-at="2021-10-12T10:38:33 IST" name="Default suite" finished-at="2021-10-12T10:38:49 IST" duration-ms="15631">
    <groups>
    </groups>
    <test started-at="2021-10-12T10:38:33 IST" name="Default test" finished-at="2021-10-12T10:38:49 IST" duration-ms="15631">
      <class name="AmazonTest.AmazonTest001">
        <test-method signature="TS001()[pri:0, instance:AmazonTest.AmazonTest001@1613674b]" started-at="2021-10-12T10:38:33 IST" name="TS001" finished-at="2021-10-12T10:38:48 IST" duration-ms="14862" status="PASS">
          <reporter-output>
          </reporter-output>
        </test-method> <!-- TS001 -->
        <test-method is-config="true" signature="tearDown()[pri:0, instance:AmazonTest.AmazonTest001@1613674b]" started-at="2021-10-12T10:38:48 IST" name="tearDown" finished-at="2021-10-12T10:38:49 IST" duration-ms="713" status="PASS">
          <reporter-output>
          </reporter-output>
        </test-method> <!-- tearDown -->
      </class> <!-- AmazonTest.AmazonTest001 -->
    </test> <!-- Default test -->
  </suite> <!-- Default suite -->
</testng-results>
