<?xml version="1.0" encoding="UTF-8"?>
<!-- Generated by org.testng.reporters.JUnitXMLReporter -->
<testsuite ignored="6" hostname="AGI-LT-1593" failures="0" tests="2" name="Test" time="25.287" errors="0" timestamp="2021-10-07T12:55:53 IST">
  <testcase classname="com.jarvis.pran.ArisGlobalMavenAuto.TestNGDemo5_1" name="OpenApp" time="12.662"/>
  <testcase classname="com.jarvis.pran.ArisGlobalMavenAuto.TestNGDemo5_2" name="OpenApp" time="12.495"/>
  <testcase classname="com.jarvis.pran.ArisGlobalMavenAuto.TestNGDemo5" name="OpenApp" time="0.0">
    <ignored/>
  </testcase> <!-- OpenApp -->
  <testcase classname="com.jarvis.pran.ArisGlobalMavenAuto.TestNGDemo2" name="CloseApp" time="0.0">
    <ignored/>
  </testcase> <!-- CloseApp -->
  <testcase classname="com.jarvis.pran.ArisGlobalMavenAuto.TestNGDemo4" name="OpenApp" time="0.0">
    <ignored/>
  </testcase> <!-- OpenApp -->
  <testcase classname="com.jarvis.pran.ArisGlobalMavenAuto.TestNGDemo3" name="OpenApp" time="0.0">
    <ignored/>
  </testcase> <!-- OpenApp -->
  <testcase classname="com.jarvis.pran.ArisGlobalMavenAuto.TestNGDemo2" name="OpenApp" time="0.0">
    <ignored/>
  </testcase> <!-- OpenApp -->
  <testcase classname="com.jarvis.pran.ArisGlobalMavenAuto.TestNGDemo1" name="Google" time="0.0">
    <ignored/>
  </testcase> <!-- Google -->
</testsuite> <!-- Test -->
